<?xml version="1.0" encoding="UTF-8"?>
<!-- Generated by org.testng.reporters.JUnitReportReporter -->
<testsuite hostname="MOT-32333-L" failures="0" tests="1" name="stepDefinations.TestRunner" time="26.872" errors="1" timestamp="2025-09-03T12:35:53 IST" skipped="0">
  <testcase classname="stepDefinations.TestRunner" name="runScenario" time="26.872">
    <error message="Cannot invoke &quot;org.openqa.selenium.SearchContext.findElement(org.openqa.selenium.By)&quot; because &quot;this.searchContext&quot; is null" type="java.lang.NullPointerException">
      <![CDATA[java.lang.NullPointerException: Cannot invoke "org.openqa.selenium.SearchContext.findElement(org.openqa.selenium.By)" because "this.searchContext" is null
at org.openqa.selenium.support.pagefactory.DefaultElementLocator.findElement(DefaultElementLocator.java:68)
at org.openqa.selenium.support.pagefactory.internal.LocatingElementHandler.invoke(LocatingElementHandler.java:38)
at jdk.proxy2/jdk.proxy2.$Proxy22.click(Unknown Source)
at stepDefinations.steps.user_clicks_on_home_tab(steps.java:64)
at âœ½.User clicks on home tab(file:///D:/Mo%20Trading%20Automation/MoAutomation/src/test/resources/features/Regression.feature:10)
]]>
    </error>
  </testcase> <!-- runScenario -->
</testsuite> <!-- stepDefinations.TestRunner -->
